23:42:29. INFO  manager.ApplicationManager - All tests starts in Chrome browser
23:42:29. INFO  manager.ApplicationManager - All tests starts in Chrome browser
23:42:31. INFO  tests.TestBase - Test name------------------> registrationTestPositive
23:42:31. INFO  manager.MyListener - Start search element by locator ------>By.xpath: //button[text()='Sign Out']
23:42:51. INFO  manager.MyListener - The element with locator ------>By.xpath: //button[text()='Sign Out']was found
23:42:51. INFO  manager.MyListener - Start search element by locator ------>By.xpath: //a[text()='LOGIN']
23:42:51. INFO  manager.MyListener - The element with locator ------>By.xpath: //a[text()='LOGIN']was found
23:42:51. INFO  manager.MyListener - Start search element by locator ------>By.xpath: //input[1]
23:42:52. INFO  manager.MyListener - The element with locator ------>By.xpath: //input[1]was found
23:42:52. INFO  manager.MyListener - Start search element by locator ------>By.xpath: //input[2]
23:42:52. INFO  manager.MyListener - The element with locator ------>By.xpath: //input[2]was found
23:42:52. INFO  manager.MyListener - Start search element by locator ------>By.xpath: //button[2]
23:42:52. INFO  manager.MyListener - The element with locator ------>By.xpath: //button[2]was found
23:42:52. INFO  manager.MyListener - Start search element by locator ------>By.xpath: //button[text()='Sign Out']
23:42:53. INFO  manager.MyListener - The element with locator ------>By.xpath: //button[text()='Sign Out']was found
23:42:53. INFO  tests.TestBase - End of testregistrationTestPositive
23:42:53. INFO  tests.TestBase - Test name------------------> registrationTestWrongEmail
23:42:53. INFO  manager.MyListener - Start search element by locator ------>By.xpath: //button[text()='Sign Out']
23:42:53. INFO  manager.MyListener - The element with locator ------>By.xpath: //button[text()='Sign Out']was found
23:42:53. INFO  manager.MyListener - Start search element by locator ------>By.xpath: //button[text()='Sign Out']
23:42:53. INFO  manager.MyListener - The element with locator ------>By.xpath: //button[text()='Sign Out']was found
23:42:54. INFO  manager.MyListener - Start search element by locator ------>By.xpath: //a[text()='LOGIN']
23:42:54. INFO  manager.MyListener - The element with locator ------>By.xpath: //a[text()='LOGIN']was found
23:42:54. INFO  manager.MyListener - Start search element by locator ------>By.xpath: //input[1]
23:42:54. INFO  manager.MyListener - The element with locator ------>By.xpath: //input[1]was found
23:42:54. INFO  manager.MyListener - Start search element by locator ------>By.xpath: //input[2]
23:42:54. INFO  manager.MyListener - The element with locator ------>By.xpath: //input[2]was found
23:42:55. INFO  manager.MyListener - Start search element by locator ------>By.xpath: //button[2]
23:42:55. INFO  manager.MyListener - The element with locator ------>By.xpath: //button[2]was found
23:42:55. INFO  manager.MyListener - Start search element by locator ------>By.xpath: //button[text()='Sign Out']
23:42:55. INFO  manager.MyListener - The element with locator ------>By.xpath: //button[text()='Sign Out']was found
23:42:55. INFO  tests.TestBase - End of testregistrationTestWrongEmail
