23:31:42. INFO  manager.ApplicationManager - All tests starts in Chrome browser
23:31:42. INFO  manager.ApplicationManager - All tests starts in Chrome browser
23:31:44. INFO  tests.TestBase - Test name------------------> addNewContactPositive
23:31:44. INFO  manager.MyListener - Start search element by locator ------>By.xpath: //button[text()='Sign Out']
23:32:04. INFO  manager.MyListener - The element with locator ------>By.xpath: //button[text()='Sign Out']was found
23:32:04. INFO  manager.MyListener - Start search element by locator ------>By.xpath: //a[text()='LOGIN']
23:32:04. INFO  manager.MyListener - The element with locator ------>By.xpath: //a[text()='LOGIN']was found
23:32:04. INFO  manager.MyListener - Start search element by locator ------>By.xpath: //input[1]
23:32:04. INFO  manager.MyListener - The element with locator ------>By.xpath: //input[1]was found
23:32:05. INFO  manager.MyListener - Start search element by locator ------>By.xpath: //input[2]
23:32:05. INFO  manager.MyListener - The element with locator ------>By.xpath: //input[2]was found
23:32:05. INFO  manager.MyListener - Start search element by locator ------>By.xpath: //button[1]
23:32:05. INFO  manager.MyListener - The element with locator ------>By.xpath: //button[1]was found
23:32:05. INFO  manager.MyListener - Start search element by locator ------>By.cssSelector: .contact-item_card__2SOIM
23:32:25. INFO  manager.MyListener - The element with locator ------>By.cssSelector: .contact-item_card__2SOIMwas found
23:32:25. INFO  tests.TestBase - The test 'Add new contact' starts with count of contacts --->0
23:32:25. INFO  manager.MyListener - Start search element by locator ------>By.cssSelector: [href='/add']
23:32:25. INFO  manager.MyListener - The element with locator ------>By.cssSelector: [href='/add']was found
23:32:25. INFO  manager.MyListener - Start search element by locator ------>By.cssSelector: [placeholder='Name']
23:32:25. INFO  manager.MyListener - The element with locator ------>By.cssSelector: [placeholder='Name']was found
23:32:26. INFO  manager.MyListener - Start search element by locator ------>By.cssSelector: [placeholder='Last Name']
23:32:26. INFO  manager.MyListener - The element with locator ------>By.cssSelector: [placeholder='Last Name']was found
23:32:26. INFO  manager.MyListener - Start search element by locator ------>By.cssSelector: [placeholder='Phone']
23:32:26. INFO  manager.MyListener - The element with locator ------>By.cssSelector: [placeholder='Phone']was found
23:32:26. INFO  manager.MyListener - Start search element by locator ------>By.cssSelector: [placeholder='email']
23:32:26. INFO  manager.MyListener - The element with locator ------>By.cssSelector: [placeholder='email']was found
23:32:26. INFO  manager.MyListener - Start search element by locator ------>By.cssSelector: [placeholder='Address']
23:32:26. INFO  manager.MyListener - The element with locator ------>By.cssSelector: [placeholder='Address']was found
23:32:27. INFO  manager.MyListener - Start search element by locator ------>By.cssSelector: [placeholder='description']
23:32:27. INFO  manager.MyListener - The element with locator ------>By.cssSelector: [placeholder='description']was found
23:32:27. INFO  manager.MyListener - Start search element by locator ------>By.cssSelector: .add_form__2rsm2 button
23:32:27. INFO  manager.MyListener - The element with locator ------>By.cssSelector: .add_form__2rsm2 buttonwas found
23:32:27. INFO  manager.MyListener - Start search element by locator ------>By.cssSelector: .contact-item_card__2SOIM
23:32:28. INFO  manager.MyListener - The element with locator ------>By.cssSelector: .contact-item_card__2SOIMwas found
23:32:28. INFO  tests.TestBase - The test 'Add new contact' ends with count of contact in the end ---->1
23:32:28. INFO  manager.MyListener - Start search element by locator ------>By.cssSelector: h2
23:32:28. INFO  manager.MyListener - The element with locator ------>By.cssSelector: h2was found
23:32:28. INFO  manager.MyListener - Start search element by locator ------>By.cssSelector: h3
23:32:28. INFO  manager.MyListener - The element with locator ------>By.cssSelector: h3was found
23:32:28. INFO  tests.TestBase - End of testaddNewContactPositive
23:32:28. INFO  tests.TestBase - Test name------------------> addNewContactPositive
23:32:28. INFO  manager.MyListener - Start search element by locator ------>By.xpath: //button[text()='Sign Out']
23:32:29. INFO  manager.MyListener - The element with locator ------>By.xpath: //button[text()='Sign Out']was found
23:32:29. INFO  manager.MyListener - Start search element by locator ------>By.cssSelector: .contact-item_card__2SOIM
23:32:29. INFO  manager.MyListener - The element with locator ------>By.cssSelector: .contact-item_card__2SOIMwas found
23:32:29. INFO  tests.TestBase - The test 'Add new contact' starts with count of contacts --->1
23:32:29. INFO  manager.MyListener - Start search element by locator ------>By.cssSelector: [href='/add']
23:32:29. INFO  manager.MyListener - The element with locator ------>By.cssSelector: [href='/add']was found
23:32:29. INFO  manager.MyListener - Start search element by locator ------>By.cssSelector: [placeholder='Name']
23:32:29. INFO  manager.MyListener - The element with locator ------>By.cssSelector: [placeholder='Name']was found
23:32:29. INFO  manager.MyListener - Start search element by locator ------>By.cssSelector: [placeholder='Last Name']
23:32:29. INFO  manager.MyListener - The element with locator ------>By.cssSelector: [placeholder='Last Name']was found
23:32:29. INFO  manager.MyListener - Start search element by locator ------>By.cssSelector: [placeholder='Phone']
23:32:29. INFO  manager.MyListener - The element with locator ------>By.cssSelector: [placeholder='Phone']was found
23:32:29. INFO  manager.MyListener - Start search element by locator ------>By.cssSelector: [placeholder='email']
23:32:29. INFO  manager.MyListener - The element with locator ------>By.cssSelector: [placeholder='email']was found
23:32:30. INFO  manager.MyListener - Start search element by locator ------>By.cssSelector: [placeholder='Address']
23:32:30. INFO  manager.MyListener - The element with locator ------>By.cssSelector: [placeholder='Address']was found
23:32:30. INFO  manager.MyListener - Start search element by locator ------>By.cssSelector: [placeholder='description']
23:32:30. INFO  manager.MyListener - The element with locator ------>By.cssSelector: [placeholder='description']was found
23:32:30. INFO  manager.MyListener - Start search element by locator ------>By.cssSelector: .add_form__2rsm2 button
23:32:30. INFO  manager.MyListener - The element with locator ------>By.cssSelector: .add_form__2rsm2 buttonwas found
23:32:30. INFO  manager.MyListener - Start search element by locator ------>By.cssSelector: .contact-item_card__2SOIM
23:32:31. INFO  manager.MyListener - The element with locator ------>By.cssSelector: .contact-item_card__2SOIMwas found
23:32:31. INFO  tests.TestBase - The test 'Add new contact' ends with count of contact in the end ---->2
23:32:31. INFO  manager.MyListener - Start search element by locator ------>By.cssSelector: h2
23:32:31. INFO  manager.MyListener - The element with locator ------>By.cssSelector: h2was found
23:32:31. INFO  manager.MyListener - Start search element by locator ------>By.cssSelector: h3
23:32:31. INFO  manager.MyListener - The element with locator ------>By.cssSelector: h3was found
23:32:31. INFO  tests.TestBase - End of testaddNewContactPositive
23:32:31. INFO  tests.TestBase - Test name------------------> addNewContactPositive
23:32:31. INFO  manager.MyListener - Start search element by locator ------>By.xpath: //button[text()='Sign Out']
23:32:31. INFO  manager.MyListener - The element with locator ------>By.xpath: //button[text()='Sign Out']was found
23:32:31. INFO  manager.MyListener - Start search element by locator ------>By.cssSelector: .contact-item_card__2SOIM
23:32:31. INFO  manager.MyListener - The element with locator ------>By.cssSelector: .contact-item_card__2SOIMwas found
23:32:31. INFO  tests.TestBase - The test 'Add new contact' starts with count of contacts --->2
23:32:31. INFO  manager.MyListener - Start search element by locator ------>By.cssSelector: [href='/add']
23:32:31. INFO  manager.MyListener - The element with locator ------>By.cssSelector: [href='/add']was found
23:32:31. INFO  manager.MyListener - Start search element by locator ------>By.cssSelector: [placeholder='Name']
23:32:31. INFO  manager.MyListener - The element with locator ------>By.cssSelector: [placeholder='Name']was found
23:32:31. INFO  manager.MyListener - Start search element by locator ------>By.cssSelector: [placeholder='Last Name']
23:32:31. INFO  manager.MyListener - The element with locator ------>By.cssSelector: [placeholder='Last Name']was found
23:32:32. INFO  manager.MyListener - Start search element by locator ------>By.cssSelector: [placeholder='Phone']
23:32:32. INFO  manager.MyListener - The element with locator ------>By.cssSelector: [placeholder='Phone']was found
23:32:32. INFO  manager.MyListener - Start search element by locator ------>By.cssSelector: [placeholder='email']
23:32:32. INFO  manager.MyListener - The element with locator ------>By.cssSelector: [placeholder='email']was found
23:32:32. INFO  manager.MyListener - Start search element by locator ------>By.cssSelector: [placeholder='Address']
23:32:32. INFO  manager.MyListener - The element with locator ------>By.cssSelector: [placeholder='Address']was found
23:32:32. INFO  manager.MyListener - Start search element by locator ------>By.cssSelector: [placeholder='description']
23:32:32. INFO  manager.MyListener - The element with locator ------>By.cssSelector: [placeholder='description']was found
23:32:32. INFO  manager.MyListener - Start search element by locator ------>By.cssSelector: .add_form__2rsm2 button
23:32:32. INFO  manager.MyListener - The element with locator ------>By.cssSelector: .add_form__2rsm2 buttonwas found
23:32:33. INFO  manager.MyListener - Start search element by locator ------>By.cssSelector: .contact-item_card__2SOIM
23:32:33. INFO  manager.MyListener - The element with locator ------>By.cssSelector: .contact-item_card__2SOIMwas found
23:32:33. INFO  tests.TestBase - The test 'Add new contact' ends with count of contact in the end ---->3
23:32:33. INFO  manager.MyListener - Start search element by locator ------>By.cssSelector: h2
23:32:33. INFO  manager.MyListener - The element with locator ------>By.cssSelector: h2was found
23:32:33. INFO  manager.MyListener - Start search element by locator ------>By.cssSelector: h3
23:32:33. INFO  manager.MyListener - The element with locator ------>By.cssSelector: h3was found
23:32:33. INFO  tests.TestBase - End of testaddNewContactPositive
