21:08:54. INFO  manager.ApplicationManager - All tests starts in Chrome browser
21:08:54. INFO  manager.ApplicationManager - All tests starts in Chrome browser
21:08:56. INFO  tests.TestBase - Test name------------------> addNewContactPositive
21:08:56. INFO  manager.MyListener - Start search element by locator ------>By.xpath: //button[text()='Sign Out']
21:09:16. INFO  manager.MyListener - The element with locator ------>By.xpath: //button[text()='Sign Out']was found
21:09:16. INFO  manager.MyListener - Start search element by locator ------>By.xpath: //a[text()='LOGIN']
21:09:16. INFO  manager.MyListener - The element with locator ------>By.xpath: //a[text()='LOGIN']was found
21:09:16. INFO  manager.MyListener - Start search element by locator ------>By.xpath: //input[1]
21:09:16. INFO  manager.MyListener - The element with locator ------>By.xpath: //input[1]was found
21:09:17. INFO  manager.MyListener - Start search element by locator ------>By.xpath: //input[2]
21:09:17. INFO  manager.MyListener - The element with locator ------>By.xpath: //input[2]was found
21:09:17. INFO  manager.MyListener - Start search element by locator ------>By.xpath: //button[1]
21:09:17. INFO  manager.MyListener - The element with locator ------>By.xpath: //button[1]was found
21:09:17. INFO  manager.MyListener - Start search element by locator ------>By.cssSelector: .contact-item_card__2SOIM
21:09:18. INFO  manager.MyListener - The element with locator ------>By.cssSelector: .contact-item_card__2SOIMwas found
21:09:18. INFO  tests.TestBase - The test 'Add new contact' starts with count of contacts --->9
21:09:18. INFO  manager.MyListener - Start search element by locator ------>By.cssSelector: [href='/add']
21:09:18. INFO  manager.MyListener - The element with locator ------>By.cssSelector: [href='/add']was found
21:09:18. INFO  manager.MyListener - Start search element by locator ------>By.cssSelector: [placeholder='Name']
21:09:18. INFO  manager.MyListener - The element with locator ------>By.cssSelector: [placeholder='Name']was found
21:09:19. INFO  manager.MyListener - Start search element by locator ------>By.cssSelector: [placeholder='Last Name']
21:09:19. INFO  manager.MyListener - The element with locator ------>By.cssSelector: [placeholder='Last Name']was found
21:09:19. INFO  manager.MyListener - Start search element by locator ------>By.cssSelector: [placeholder='Phone']
21:09:19. INFO  manager.MyListener - The element with locator ------>By.cssSelector: [placeholder='Phone']was found
21:09:19. INFO  manager.MyListener - Start search element by locator ------>By.cssSelector: [placeholder='email']
21:09:19. INFO  manager.MyListener - The element with locator ------>By.cssSelector: [placeholder='email']was found
21:09:19. INFO  manager.MyListener - Start search element by locator ------>By.cssSelector: [placeholder='Address']
21:09:19. INFO  manager.MyListener - The element with locator ------>By.cssSelector: [placeholder='Address']was found
21:09:19. INFO  manager.MyListener - Start search element by locator ------>By.cssSelector: [placeholder='description']
21:09:19. INFO  manager.MyListener - The element with locator ------>By.cssSelector: [placeholder='description']was found
21:09:19. INFO  manager.MyListener - Start search element by locator ------>By.cssSelector: .add_form__2rsm2 button
21:09:19. INFO  manager.MyListener - The element with locator ------>By.cssSelector: .add_form__2rsm2 buttonwas found
21:09:20. INFO  manager.MyListener - Start search element by locator ------>By.cssSelector: .contact-item_card__2SOIM
21:09:20. INFO  manager.MyListener - The element with locator ------>By.cssSelector: .contact-item_card__2SOIMwas found
21:09:20. INFO  tests.TestBase - The test 'Add new contact' ends with count of contact in the end ---->10
21:09:20. INFO  manager.MyListener - Start search element by locator ------>By.cssSelector: h2
21:09:20. INFO  manager.MyListener - The element with locator ------>By.cssSelector: h2was found
21:09:20. INFO  manager.MyListener - Start search element by locator ------>By.cssSelector: h3
21:09:20. INFO  manager.MyListener - The element with locator ------>By.cssSelector: h3was found
21:09:20. INFO  tests.TestBase - End of testaddNewContactPositive
21:09:20. INFO  tests.TestBase - Test name------------------> addNewContactPositive
21:09:20. INFO  manager.MyListener - Start search element by locator ------>By.xpath: //button[text()='Sign Out']
21:09:20. INFO  manager.MyListener - The element with locator ------>By.xpath: //button[text()='Sign Out']was found
21:09:20. INFO  manager.MyListener - Start search element by locator ------>By.cssSelector: .contact-item_card__2SOIM
21:09:20. INFO  manager.MyListener - The element with locator ------>By.cssSelector: .contact-item_card__2SOIMwas found
21:09:20. INFO  tests.TestBase - The test 'Add new contact' starts with count of contacts --->10
21:09:20. INFO  manager.MyListener - Start search element by locator ------>By.cssSelector: [href='/add']
21:09:20. INFO  manager.MyListener - The element with locator ------>By.cssSelector: [href='/add']was found
21:09:20. INFO  manager.MyListener - Start search element by locator ------>By.cssSelector: [placeholder='Name']
21:09:20. INFO  manager.MyListener - The element with locator ------>By.cssSelector: [placeholder='Name']was found
21:09:21. INFO  manager.MyListener - Start search element by locator ------>By.cssSelector: [placeholder='Last Name']
21:09:21. INFO  manager.MyListener - The element with locator ------>By.cssSelector: [placeholder='Last Name']was found
21:09:21. INFO  manager.MyListener - Start search element by locator ------>By.cssSelector: [placeholder='Phone']
21:09:21. INFO  manager.MyListener - The element with locator ------>By.cssSelector: [placeholder='Phone']was found
21:09:21. INFO  manager.MyListener - Start search element by locator ------>By.cssSelector: [placeholder='email']
21:09:21. INFO  manager.MyListener - The element with locator ------>By.cssSelector: [placeholder='email']was found
21:09:21. INFO  manager.MyListener - Start search element by locator ------>By.cssSelector: [placeholder='Address']
21:09:21. INFO  manager.MyListener - The element with locator ------>By.cssSelector: [placeholder='Address']was found
21:09:21. INFO  manager.MyListener - Start search element by locator ------>By.cssSelector: [placeholder='description']
21:09:21. INFO  manager.MyListener - The element with locator ------>By.cssSelector: [placeholder='description']was found
21:09:22. INFO  manager.MyListener - Start search element by locator ------>By.cssSelector: .add_form__2rsm2 button
21:09:22. INFO  manager.MyListener - The element with locator ------>By.cssSelector: .add_form__2rsm2 buttonwas found
21:09:22. INFO  manager.MyListener - Start search element by locator ------>By.cssSelector: .contact-item_card__2SOIM
21:09:22. INFO  manager.MyListener - The element with locator ------>By.cssSelector: .contact-item_card__2SOIMwas found
21:09:22. INFO  tests.TestBase - The test 'Add new contact' ends with count of contact in the end ---->11
21:09:22. INFO  manager.MyListener - Start search element by locator ------>By.cssSelector: h2
21:09:22. INFO  manager.MyListener - The element with locator ------>By.cssSelector: h2was found
21:09:22. INFO  manager.MyListener - Start search element by locator ------>By.cssSelector: h3
21:09:22. INFO  manager.MyListener - The element with locator ------>By.cssSelector: h3was found
21:09:22. INFO  tests.TestBase - End of testaddNewContactPositive
21:09:22. INFO  tests.TestBase - Test name------------------> addNewContactPositive
21:09:22. INFO  manager.MyListener - Start search element by locator ------>By.xpath: //button[text()='Sign Out']
21:09:22. INFO  manager.MyListener - The element with locator ------>By.xpath: //button[text()='Sign Out']was found
21:09:22. INFO  manager.MyListener - Start search element by locator ------>By.cssSelector: .contact-item_card__2SOIM
21:09:22. INFO  manager.MyListener - The element with locator ------>By.cssSelector: .contact-item_card__2SOIMwas found
21:09:22. INFO  tests.TestBase - The test 'Add new contact' starts with count of contacts --->11
21:09:22. INFO  manager.MyListener - Start search element by locator ------>By.cssSelector: [href='/add']
21:09:22. INFO  manager.MyListener - The element with locator ------>By.cssSelector: [href='/add']was found
21:09:22. INFO  manager.MyListener - Start search element by locator ------>By.cssSelector: [placeholder='Name']
21:09:22. INFO  manager.MyListener - The element with locator ------>By.cssSelector: [placeholder='Name']was found
21:09:22. INFO  manager.MyListener - Start search element by locator ------>By.cssSelector: [placeholder='Last Name']
21:09:22. INFO  manager.MyListener - The element with locator ------>By.cssSelector: [placeholder='Last Name']was found
21:09:23. INFO  manager.MyListener - Start search element by locator ------>By.cssSelector: [placeholder='Phone']
21:09:23. INFO  manager.MyListener - The element with locator ------>By.cssSelector: [placeholder='Phone']was found
21:09:23. INFO  manager.MyListener - Start search element by locator ------>By.cssSelector: [placeholder='email']
21:09:23. INFO  manager.MyListener - The element with locator ------>By.cssSelector: [placeholder='email']was found
21:09:23. INFO  manager.MyListener - Start search element by locator ------>By.cssSelector: [placeholder='Address']
21:09:23. INFO  manager.MyListener - The element with locator ------>By.cssSelector: [placeholder='Address']was found
21:09:23. INFO  manager.MyListener - Start search element by locator ------>By.cssSelector: [placeholder='description']
21:09:23. INFO  manager.MyListener - The element with locator ------>By.cssSelector: [placeholder='description']was found
21:09:23. INFO  manager.MyListener - Start search element by locator ------>By.cssSelector: .add_form__2rsm2 button
21:09:23. INFO  manager.MyListener - The element with locator ------>By.cssSelector: .add_form__2rsm2 buttonwas found
21:09:23. INFO  manager.MyListener - Start search element by locator ------>By.cssSelector: .contact-item_card__2SOIM
21:09:24. INFO  manager.MyListener - The element with locator ------>By.cssSelector: .contact-item_card__2SOIMwas found
21:09:24. INFO  tests.TestBase - The test 'Add new contact' ends with count of contact in the end ---->12
21:09:24. INFO  manager.MyListener - Start search element by locator ------>By.cssSelector: h2
21:09:24. INFO  manager.MyListener - The element with locator ------>By.cssSelector: h2was found
21:09:24. INFO  manager.MyListener - Start search element by locator ------>By.cssSelector: h3
21:09:24. INFO  manager.MyListener - The element with locator ------>By.cssSelector: h3was found
21:09:24. INFO  tests.TestBase - End of testaddNewContactPositive
21:09:24. INFO  tests.TestBase - Test name------------------> loginTest1PositiveDataProvider
21:09:24. INFO  manager.MyListener - Start search element by locator ------>By.xpath: //button[text()='Sign Out']
21:09:24. INFO  manager.MyListener - The element with locator ------>By.xpath: //button[text()='Sign Out']was found
21:09:24. INFO  manager.MyListener - Start search element by locator ------>By.xpath: //button[text()='Sign Out']
21:09:24. INFO  manager.MyListener - The element with locator ------>By.xpath: //button[text()='Sign Out']was found
21:09:24. INFO  tests.TestBase - User starts login process with email: noa@gmail.com and password: Nnoa12345$
21:09:24. INFO  manager.MyListener - Start search element by locator ------>By.xpath: //a[text()='LOGIN']
21:09:24. INFO  manager.MyListener - The element with locator ------>By.xpath: //a[text()='LOGIN']was found
21:09:24. INFO  manager.MyListener - Start search element by locator ------>By.xpath: //input[1]
21:09:24. INFO  manager.MyListener - The element with locator ------>By.xpath: //input[1]was found
21:09:25. INFO  manager.MyListener - Start search element by locator ------>By.xpath: //input[2]
21:09:25. INFO  manager.MyListener - The element with locator ------>By.xpath: //input[2]was found
21:09:25. INFO  manager.MyListener - Start search element by locator ------>By.xpath: //button[1]
21:09:25. INFO  manager.MyListener - The element with locator ------>By.xpath: //button[1]was found
21:09:30. INFO  manager.MyListener - Start search element by locator ------>By.xpath: //button[text()='Sign Out']
21:09:30. INFO  manager.MyListener - The element with locator ------>By.xpath: //button[text()='Sign Out']was found
21:09:30. INFO  tests.TestBase - End of testloginTest1PositiveDataProvider
21:09:30. INFO  tests.TestBase - Test name------------------> loginTest1PositiveDataProvider
21:09:30. INFO  manager.MyListener - Start search element by locator ------>By.xpath: //button[text()='Sign Out']
21:09:30. INFO  manager.MyListener - The element with locator ------>By.xpath: //button[text()='Sign Out']was found
21:09:30. INFO  manager.MyListener - Start search element by locator ------>By.xpath: //button[text()='Sign Out']
21:09:30. INFO  manager.MyListener - The element with locator ------>By.xpath: //button[text()='Sign Out']was found
21:09:30. INFO  tests.TestBase - User starts login process with email: noa@gmail.com and password: Nnoa12345$
21:09:30. INFO  manager.MyListener - Start search element by locator ------>By.xpath: //a[text()='LOGIN']
21:09:30. INFO  manager.MyListener - The element with locator ------>By.xpath: //a[text()='LOGIN']was found
21:09:30. INFO  manager.MyListener - Start search element by locator ------>By.xpath: //input[1]
21:09:30. INFO  manager.MyListener - The element with locator ------>By.xpath: //input[1]was found
21:09:30. INFO  manager.MyListener - Start search element by locator ------>By.xpath: //input[2]
21:09:30. INFO  manager.MyListener - The element with locator ------>By.xpath: //input[2]was found
21:09:30. INFO  manager.MyListener - Start search element by locator ------>By.xpath: //button[1]
21:09:30. INFO  manager.MyListener - The element with locator ------>By.xpath: //button[1]was found
21:09:35. INFO  manager.MyListener - Start search element by locator ------>By.xpath: //button[text()='Sign Out']
21:09:35. INFO  manager.MyListener - The element with locator ------>By.xpath: //button[text()='Sign Out']was found
21:09:35. INFO  tests.TestBase - End of testloginTest1PositiveDataProvider
21:09:35. INFO  tests.TestBase - Test name------------------> loginTest2Positive
21:09:35. INFO  manager.MyListener - Start search element by locator ------>By.xpath: //button[text()='Sign Out']
21:09:35. INFO  manager.MyListener - The element with locator ------>By.xpath: //button[text()='Sign Out']was found
21:09:35. INFO  manager.MyListener - Start search element by locator ------>By.xpath: //button[text()='Sign Out']
21:09:35. INFO  manager.MyListener - The element with locator ------>By.xpath: //button[text()='Sign Out']was found
21:09:36. INFO  manager.MyListener - Start search element by locator ------>By.xpath: //a[text()='LOGIN']
21:09:36. INFO  manager.MyListener - The element with locator ------>By.xpath: //a[text()='LOGIN']was found
21:09:36. INFO  manager.MyListener - Start search element by locator ------>By.xpath: //input[1]
21:09:36. INFO  manager.MyListener - The element with locator ------>By.xpath: //input[1]was found
21:09:36. INFO  manager.MyListener - Start search element by locator ------>By.xpath: //input[2]
21:09:36. INFO  manager.MyListener - The element with locator ------>By.xpath: //input[2]was found
21:09:36. INFO  manager.MyListener - Start search element by locator ------>By.xpath: //button[1]
21:09:36. INFO  manager.MyListener - The element with locator ------>By.xpath: //button[1]was found
21:09:41. INFO  manager.MyListener - Start search element by locator ------>By.xpath: //button[text()='Sign Out']
21:09:41. INFO  manager.MyListener - The element with locator ------>By.xpath: //button[text()='Sign Out']was found
21:09:41. INFO  tests.TestBase - End of testloginTest2Positive
21:09:41. INFO  tests.TestBase - Test name------------------> loginTestNegativeWrongPassword
21:09:41. INFO  manager.MyListener - Start search element by locator ------>By.xpath: //button[text()='Sign Out']
21:09:41. INFO  manager.MyListener - The element with locator ------>By.xpath: //button[text()='Sign Out']was found
21:09:41. INFO  manager.MyListener - Start search element by locator ------>By.xpath: //button[text()='Sign Out']
21:09:41. INFO  manager.MyListener - The element with locator ------>By.xpath: //button[text()='Sign Out']was found
21:09:41. INFO  manager.MyListener - Start search element by locator ------>By.xpath: //a[text()='LOGIN']
21:09:41. INFO  manager.MyListener - The element with locator ------>By.xpath: //a[text()='LOGIN']was found
21:09:41. INFO  manager.MyListener - Start search element by locator ------>By.xpath: //input[1]
21:09:41. INFO  manager.MyListener - The element with locator ------>By.xpath: //input[1]was found
21:09:41. INFO  manager.MyListener - Start search element by locator ------>By.xpath: //input[2]
21:09:41. INFO  manager.MyListener - The element with locator ------>By.xpath: //input[2]was found
21:09:41. INFO  manager.MyListener - Start search element by locator ------>By.xpath: //button[1]
21:09:41. INFO  manager.MyListener - The element with locator ------>By.xpath: //button[1]was found
21:09:47. INFO  tests.TestBase - End of testloginTestNegativeWrongPassword
21:09:47. INFO  tests.TestBase - Test name------------------> registrationTestPositive
21:09:47. INFO  manager.MyListener - Start search element by locator ------>By.xpath: //button[text()='Sign Out']
21:10:07. INFO  manager.MyListener - The element with locator ------>By.xpath: //button[text()='Sign Out']was found
21:10:07. INFO  manager.MyListener - Start search element by locator ------>By.xpath: //a[text()='LOGIN']
21:10:07. INFO  manager.MyListener - The element with locator ------>By.xpath: //a[text()='LOGIN']was found
21:10:07. INFO  manager.MyListener - Start search element by locator ------>By.xpath: //input[1]
21:10:07. INFO  manager.MyListener - The element with locator ------>By.xpath: //input[1]was found
21:10:07. INFO  manager.MyListener - Start search element by locator ------>By.xpath: //input[2]
21:10:07. INFO  manager.MyListener - The element with locator ------>By.xpath: //input[2]was found
21:10:07. INFO  manager.MyListener - Start search element by locator ------>By.xpath: //button[2]
21:10:07. INFO  manager.MyListener - The element with locator ------>By.xpath: //button[2]was found
21:10:07. INFO  manager.MyListener - Start search element by locator ------>By.xpath: //button[text()='Sign Out']
21:10:08. INFO  manager.MyListener - The element with locator ------>By.xpath: //button[text()='Sign Out']was found
21:10:08. INFO  tests.TestBase - End of testregistrationTestPositive
21:10:08. INFO  tests.TestBase - Test name------------------> registrationTestWrongEmail
21:10:08. INFO  manager.MyListener - Start search element by locator ------>By.xpath: //button[text()='Sign Out']
21:10:08. INFO  manager.MyListener - The element with locator ------>By.xpath: //button[text()='Sign Out']was found
21:10:08. INFO  manager.MyListener - Start search element by locator ------>By.xpath: //button[text()='Sign Out']
21:10:08. INFO  manager.MyListener - The element with locator ------>By.xpath: //button[text()='Sign Out']was found
21:10:08. INFO  manager.MyListener - Start search element by locator ------>By.xpath: //a[text()='LOGIN']
21:10:08. INFO  manager.MyListener - The element with locator ------>By.xpath: //a[text()='LOGIN']was found
21:10:08. INFO  manager.MyListener - Start search element by locator ------>By.xpath: //input[1]
21:10:08. INFO  manager.MyListener - The element with locator ------>By.xpath: //input[1]was found
21:10:08. INFO  manager.MyListener - Start search element by locator ------>By.xpath: //input[2]
21:10:08. INFO  manager.MyListener - The element with locator ------>By.xpath: //input[2]was found
21:10:08. INFO  manager.MyListener - Start search element by locator ------>By.xpath: //button[2]
21:10:08. INFO  manager.MyListener - The element with locator ------>By.xpath: //button[2]was found
21:10:09. INFO  manager.MyListener - Start search element by locator ------>By.xpath: //button[text()='Sign Out']
21:10:09. INFO  manager.MyListener - The element with locator ------>By.xpath: //button[text()='Sign Out']was found
21:10:09. INFO  tests.TestBase - End of testregistrationTestWrongEmail
21:10:09. INFO  tests.TestBase - Test name------------------> removeAllContacts
21:10:09. INFO  manager.MyListener - Start search element by locator ------>By.xpath: //button[text()='Sign Out']
21:10:09. INFO  manager.MyListener - Something went wrong!
21:10:09. INFO  manager.MyListener - unexpected alert open: {Alert text : Wrong email or password format
            Email must contains one @ and minimum 2 symbols after last dot
            Password must contain at least one uppercase letter!
            Password must contain at least one lowercase letter!
            Password must contain at least one digit!
            Password must contain at least one special symbol from [‘$’,’~’,’-‘,’_’]!}
  (Session info: chrome=99.0.4844.51): Wrong email or password format
            Email must contains one @ and minimum 2 symbols after last dot
            Password must contain at least one uppercase letter!
            Password must contain at least one lowercase letter!
            Password must contain at least one digit!
            Password must contain at least one special symbol from [‘$’,’~’,’-‘,’_’]!
Build info: version: '3.141.59', revision: 'e82be7d358', time: '2018-11-14T08:17:03'
System info: host: 'LAPTOP-NE8FH5RJ', ip: '10.0.0.21', os.name: 'Windows 10', os.arch: 'amd64', os.version: '10.0', java.version: '1.8.0_301'
Driver info: org.openqa.selenium.chrome.ChromeDriver
Capabilities {acceptInsecureCerts: false, browserName: chrome, browserVersion: 99.0.4844.51, chrome: {chromedriverVersion: 98.0.4758.102 (273bf7ac8c90..., userDataDir: C:\Users\vanan\AppData\Loca...}, goog:chromeOptions: {debuggerAddress: localhost:52056}, javascriptEnabled: true, networkConnectionEnabled: false, pageLoadStrategy: normal, platform: WINDOWS, platformName: WINDOWS, proxy: Proxy(), setWindowRect: true, strictFileInteractability: false, timeouts: {implicit: 0, pageLoad: 300000, script: 30000}, unhandledPromptBehavior: dismiss and notify, webauthn:extension:credBlob: true, webauthn:extension:largeBlob: true, webauthn:virtualAuthenticators: true}
Session ID: d89432caeded34d2f56b8f290641f697
*** Element info: {Using=xpath, value=//button[text()='Sign Out']}
21:10:09. INFO  manager.MyListener - org.openqa.selenium.UnhandledAlertException: unexpected alert open: {Alert text : Wrong email or password format
            Email must contains one @ and minimum 2 symbols after last dot
            Password must contain at least one uppercase letter!
            Password must contain at least one lowercase letter!
            Password must contain at least one digit!
            Password must contain at least one special symbol from [‘$’,’~’,’-‘,’_’]!}
  (Session info: chrome=99.0.4844.51): Wrong email or password format
            Email must contains one @ and minimum 2 symbols after last dot
            Password must contain at least one uppercase letter!
            Password must contain at least one lowercase letter!
            Password must contain at least one digit!
            Password must contain at least one special symbol from [‘$’,’~’,’-‘,’_’]!
Build info: version: '3.141.59', revision: 'e82be7d358', time: '2018-11-14T08:17:03'
System info: host: 'LAPTOP-NE8FH5RJ', ip: '10.0.0.21', os.name: 'Windows 10', os.arch: 'amd64', os.version: '10.0', java.version: '1.8.0_301'
Driver info: org.openqa.selenium.chrome.ChromeDriver
Capabilities {acceptInsecureCerts: false, browserName: chrome, browserVersion: 99.0.4844.51, chrome: {chromedriverVersion: 98.0.4758.102 (273bf7ac8c90..., userDataDir: C:\Users\vanan\AppData\Loca...}, goog:chromeOptions: {debuggerAddress: localhost:52056}, javascriptEnabled: true, networkConnectionEnabled: false, pageLoadStrategy: normal, platform: WINDOWS, platformName: WINDOWS, proxy: Proxy(), setWindowRect: true, strictFileInteractability: false, timeouts: {implicit: 0, pageLoad: 300000, script: 30000}, unhandledPromptBehavior: dismiss and notify, webauthn:extension:credBlob: true, webauthn:extension:largeBlob: true, webauthn:virtualAuthenticators: true}
Session ID: d89432caeded34d2f56b8f290641f697
*** Element info: {Using=xpath, value=//button[text()='Sign Out']}
21:10:09. INFO  manager.MyListener - This link to screenshot with error----------->C:\Users\vanan\Desktop\qa telran myproject\Qa11_PhoneBook\src\test\resources\screenShots
21:10:09. INFO  tests.TestBase - End of testremoveAllContacts
21:10:09. INFO  tests.TestBase - End of testremoveOneContact
21:10:09. INFO  tests.TestBase - End of testremoveOneContactCount
